<?xml version="1.0" encoding="UTF-8"?>
<!-- Generated by org.testng.reporters.JUnitXMLReporter -->
<testsuite hostname="DESKTOP-LBN8TGD" ignored="12" name="Test1" tests="7" failures="0" timestamp="26 May 2020 04:27:03 GMT" time="106.737" errors="0">
  <testcase name="testValidRegister" time="16.897" classname="script.ValidRegister"/>
  <testcase name="testInValidSignin" time="9.741" classname="script.InvalidSignin"/>
  <testcase name="testValidSignin" time="4.046" classname="script.ValidSignin"/>
  <testcase name="testValidFindFlight" time="3.134" classname="script.ValidFindFlight"/>
  <testcase name="testValidSelectFlight" time="2.045" classname="script.ValidSelectFlight"/>
  <testcase name="testValidBookFlight" time="8.025" classname="script.ValidBookFlight"/>
  <testcase name="testValidFlightConfirm" time="41.069" classname="script.ValidFlightConfirmation"/>
  <testcase name="@BeforeTest openApp" time="0.0" classname="generic.BaseTest">
    <ignored/>
  </testcase> <!-- @BeforeTest openApp -->
  <testcase name="@BeforeTest openApp" time="0.0" classname="generic.BaseTest">
    <ignored/>
  </testcase> <!-- @BeforeTest openApp -->
  <testcase name="@BeforeTest openApp" time="0.0" classname="generic.BaseTest">
    <ignored/>
  </testcase> <!-- @BeforeTest openApp -->
  <testcase name="@BeforeTest openApp" time="0.0" classname="generic.BaseTest">
    <ignored/>
  </testcase> <!-- @BeforeTest openApp -->
  <testcase name="@BeforeTest openApp" time="0.0" classname="generic.BaseTest">
    <ignored/>
  </testcase> <!-- @BeforeTest openApp -->
  <testcase name="@BeforeTest openApp" time="0.0" classname="generic.BaseTest">
    <ignored/>
  </testcase> <!-- @BeforeTest openApp -->
  <testcase name="@AfterTest closeApp" time="0.0" classname="generic.BaseTest">
    <ignored/>
  </testcase> <!-- @AfterTest closeApp -->
  <testcase name="@AfterTest closeApp" time="0.0" classname="generic.BaseTest">
    <ignored/>
  </testcase> <!-- @AfterTest closeApp -->
  <testcase name="@AfterTest closeApp" time="0.0" classname="generic.BaseTest">
    <ignored/>
  </testcase> <!-- @AfterTest closeApp -->
  <testcase name="@AfterTest closeApp" time="0.0" classname="generic.BaseTest">
    <ignored/>
  </testcase> <!-- @AfterTest closeApp -->
  <testcase name="@AfterTest closeApp" time="0.0" classname="generic.BaseTest">
    <ignored/>
  </testcase> <!-- @AfterTest closeApp -->
  <testcase name="@AfterTest closeApp" time="0.0" classname="generic.BaseTest">
    <ignored/>
  </testcase> <!-- @AfterTest closeApp -->
</testsuite> <!-- Test1 -->
