<?xml version="1.0" encoding="UTF-8"?>
<!-- Generated by org.testng.reporters.JUnitXMLReporter -->
<testsuite hostname="DESKTOP-LBN8TGD" ignored="10" name="Test" tests="1" failures="0" timestamp="26 May 2020 08:27:38 GMT" time="59.879" errors="0">
  <testcase name="testValidRegister" time="49.103" classname="script.ValidRegister"/>
  <testcase name="@BeforeTest openApp" time="0.0" classname="generic.BaseTest">
    <ignored/>
  </testcase> <!-- @BeforeTest openApp -->
  <testcase name="@BeforeTest openApp" time="0.0" classname="generic.BaseTest">
    <ignored/>
  </testcase> <!-- @BeforeTest openApp -->
  <testcase name="@BeforeTest openApp" time="0.0" classname="generic.BaseTest">
    <ignored/>
  </testcase> <!-- @BeforeTest openApp -->
  <testcase name="@BeforeTest openApp" time="0.0" classname="generic.BaseTest">
    <ignored/>
  </testcase> <!-- @BeforeTest openApp -->
  <testcase name="@BeforeTest openApp" time="0.0" classname="generic.BaseTest">
    <ignored/>
  </testcase> <!-- @BeforeTest openApp -->
  <testcase name="@AfterTest closeApp" time="0.0" classname="generic.BaseTest">
    <ignored/>
  </testcase> <!-- @AfterTest closeApp -->
  <testcase name="@AfterTest closeApp" time="0.0" classname="generic.BaseTest">
    <ignored/>
  </testcase> <!-- @AfterTest closeApp -->
  <testcase name="@AfterTest closeApp" time="0.0" classname="generic.BaseTest">
    <ignored/>
  </testcase> <!-- @AfterTest closeApp -->
  <testcase name="@AfterTest closeApp" time="0.0" classname="generic.BaseTest">
    <ignored/>
  </testcase> <!-- @AfterTest closeApp -->
  <testcase name="@AfterTest closeApp" time="0.0" classname="generic.BaseTest">
    <ignored/>
  </testcase> <!-- @AfterTest closeApp -->
</testsuite> <!-- Test -->
