<?xml version="1.0" encoding="UTF-8"?>
<!-- Generated by org.testng.reporters.JUnitXMLReporter -->
<testsuite hostname="DESKTOP-LBN8TGD" ignored="0" name="Test2" tests="1" failures="1" timestamp="26 May 2020 09:01:12 GMT" time="17.88" errors="0">
  <testcase name="testInvalidRegister" time="6.744" classname="script.InvalidRegister">
    <failure type="java.lang.AssertionError" message="expected [false] but found [true]">
      <![CDATA[java.lang.AssertionError: expected [false] but found [true]
at script.InvalidRegister.testInvalidRegister(InvalidRegister.java:18)
... Removed 31 stack frames]]>
    </failure>
  </testcase> <!-- testInvalidRegister -->
</testsuite> <!-- Test2 -->
