<?xml version="1.0" encoding="UTF-8"?>
<!-- Generated by org.testng.reporters.JUnitXMLReporter -->
<testsuite hostname="DESKTOP-LBN8TGD" ignored="10" name="Test1" tests="6" failures="0" timestamp="26 May 2020 09:00:54 GMT" time="72.527" errors="0">
  <testcase name="testValidRegister" time="11.038" classname="script.ValidRegister"/>
  <testcase name="testValidSignin" time="3.97" classname="script.ValidSignin"/>
  <testcase name="testValidFindFlight" time="2.237" classname="script.ValidFindFlight"/>
  <testcase name="testValidSelectFlight" time="1.706" classname="script.ValidSelectFlight"/>
  <testcase name="testValidBookFlight" time="5.764" classname="script.ValidBookFlight"/>
  <testcase name="testValidFlightConfirm" time="37.879" classname="script.ValidFlightConfirmation"/>
  <testcase name="@BeforeTest openApp" time="0.0" classname="generic.BaseTest">
    <ignored/>
  </testcase> <!-- @BeforeTest openApp -->
  <testcase name="@BeforeTest openApp" time="0.0" classname="generic.BaseTest">
    <ignored/>
  </testcase> <!-- @BeforeTest openApp -->
  <testcase name="@BeforeTest openApp" time="0.0" classname="generic.BaseTest">
    <ignored/>
  </testcase> <!-- @BeforeTest openApp -->
  <testcase name="@BeforeTest openApp" time="0.0" classname="generic.BaseTest">
    <ignored/>
  </testcase> <!-- @BeforeTest openApp -->
  <testcase name="@BeforeTest openApp" time="0.0" classname="generic.BaseTest">
    <ignored/>
  </testcase> <!-- @BeforeTest openApp -->
  <testcase name="@AfterTest closeApp" time="0.0" classname="generic.BaseTest">
    <ignored/>
  </testcase> <!-- @AfterTest closeApp -->
  <testcase name="@AfterTest closeApp" time="0.0" classname="generic.BaseTest">
    <ignored/>
  </testcase> <!-- @AfterTest closeApp -->
  <testcase name="@AfterTest closeApp" time="0.0" classname="generic.BaseTest">
    <ignored/>
  </testcase> <!-- @AfterTest closeApp -->
  <testcase name="@AfterTest closeApp" time="0.0" classname="generic.BaseTest">
    <ignored/>
  </testcase> <!-- @AfterTest closeApp -->
  <testcase name="@AfterTest closeApp" time="0.0" classname="generic.BaseTest">
    <ignored/>
  </testcase> <!-- @AfterTest closeApp -->
</testsuite> <!-- Test1 -->
