<?xml version="1.0" encoding="UTF-8"?>
<!-- Generated by org.testng.reporters.JUnitXMLReporter -->
<testsuite hostname="DESKTOP-LBN8TGD" ignored="12" name="Test" tests="7" failures="0" timestamp="25 May 2020 04:52:38 GMT" time="72.098" errors="0">
  <testcase name="testValidRegister" time="9.447" classname="script.ValidRegister"/>
  <testcase name="testInValidSignin" time="7.76" classname="script.InvalidSignin"/>
  <testcase name="testValidSignin" time="3.129" classname="script.ValidSignin"/>
  <testcase name="testValidFindFlight" time="2.106" classname="script.ValidFindFlight"/>
  <testcase name="testValidSelectFlight" time="1.521" classname="script.ValidSelectFlight"/>
  <testcase name="testValidBookFlight" time="6.207" classname="script.ValidBookFlight"/>
  <testcase name="testValidFlightConfirm" time="31.835" classname="script.ValidFlightConfirmation"/>
  <testcase name="@BeforeTest openApp" time="0.0" classname="generic.BaseTest">
    <ignored/>
  </testcase> <!-- @BeforeTest openApp -->
  <testcase name="@BeforeTest openApp" time="0.0" classname="generic.BaseTest">
    <ignored/>
  </testcase> <!-- @BeforeTest openApp -->
  <testcase name="@BeforeTest openApp" time="0.0" classname="generic.BaseTest">
    <ignored/>
  </testcase> <!-- @BeforeTest openApp -->
  <testcase name="@BeforeTest openApp" time="0.0" classname="generic.BaseTest">
    <ignored/>
  </testcase> <!-- @BeforeTest openApp -->
  <testcase name="@BeforeTest openApp" time="0.0" classname="generic.BaseTest">
    <ignored/>
  </testcase> <!-- @BeforeTest openApp -->
  <testcase name="@BeforeTest openApp" time="0.0" classname="generic.BaseTest">
    <ignored/>
  </testcase> <!-- @BeforeTest openApp -->
  <testcase name="@AfterTest closeApp" time="0.0" classname="generic.BaseTest">
    <ignored/>
  </testcase> <!-- @AfterTest closeApp -->
  <testcase name="@AfterTest closeApp" time="0.0" classname="generic.BaseTest">
    <ignored/>
  </testcase> <!-- @AfterTest closeApp -->
  <testcase name="@AfterTest closeApp" time="0.0" classname="generic.BaseTest">
    <ignored/>
  </testcase> <!-- @AfterTest closeApp -->
  <testcase name="@AfterTest closeApp" time="0.0" classname="generic.BaseTest">
    <ignored/>
  </testcase> <!-- @AfterTest closeApp -->
  <testcase name="@AfterTest closeApp" time="0.0" classname="generic.BaseTest">
    <ignored/>
  </testcase> <!-- @AfterTest closeApp -->
  <testcase name="@AfterTest closeApp" time="0.0" classname="generic.BaseTest">
    <ignored/>
  </testcase> <!-- @AfterTest closeApp -->
</testsuite> <!-- Test -->
